#
# There is insufficient memory for the Java Runtime Environment to continue.
# Native memory allocation (mmap) failed to map 65536 bytes for Failed to commit metaspace.
# Possible reasons:
#   The system is out of physical RAM or swap space
#   The process is running with CompressedOops enabled, and the Java Heap may be blocking the growth of the native heap
# Possible solutions:
#   Reduce memory load on the system
#   Increase physical memory or swap space
#   Check if swap backing store is full
#   Decrease Java heap size (-Xmx/-Xms)
#   Decrease number of Java threads
#   Decrease Java thread stack sizes (-Xss)
#   Set larger code cache with -XX:ReservedCodeCacheSize=
#   JVM is running with Unscaled Compressed Oops mode in which the Java heap is
#     placed in the first 4GB address space. The Java Heap base address is the
#     maximum limit for the native heap growth. Please use -XX:HeapBaseMinAddress
#     to set the Java Heap base and to place the Java Heap above 4GB virtual address.
# This output file may be truncated or incomplete.
#
#  Out of Memory Error (virtualSpaceNode.cpp:110), pid=45784, tid=45344
#
# JRE version: Java(TM) SE Runtime Environment (20.0+36) (build 20+36-2344)
# Java VM: Java HotSpot(TM) 64-Bit Server VM (20+36-2344, mixed mode, tiered, compressed oops, compressed class ptrs, g1 gc, windows-amd64)
# No core dump will be written. Minidumps are not enabled by default on client versions of Windows
#

---------------  S U M M A R Y ------------

Command Line: -Dfile.encoding=UTF-8 --module-path=C:\Users\galaa\Documents\NetBeansProjects\banking system\build\classes banking.system.FundsTran

Host: 12th Gen Intel(R) Core(TM) i5-1235U, 12 cores, 7G,  Windows 11 , 64 bit Build 22621 (10.0.22621.2506)
Time: Fri Dec 22 00:25:19 2023 India Standard Time elapsed time: 0.064485 seconds (0d 0h 0m 0s)

---------------  T H R E A D  ---------------

Current thread (0x0000025311c65d00):  JavaThread "main" [_thread_in_vm, id=45344, stack(0x00000098dd500000,0x00000098dd600000)]

Stack: [0x00000098dd500000,0x00000098dd600000]
Native frames: (J=compiled Java code, j=interpreted, Vv=VM code, C=native code)
V  [jvm.dll+0x6bb95a]
V  [jvm.dll+0x8483aa]
V  [jvm.dll+0x849fa5]
V  [jvm.dll+0x84a6a3]
V  [jvm.dll+0x280b0f]
V  [jvm.dll+0x8442eb]
V  [jvm.dll+0x65fd86]
V  [jvm.dll+0x65fdea]
V  [jvm.dll+0x6626c3]
V  [jvm.dll+0x66258e]
V  [jvm.dll+0x66079e]
V  [jvm.dll+0x26da71]
V  [jvm.dll+0x21bea7]
V  [jvm.dll+0x211780]
V  [jvm.dll+0x59c26c]
V  [jvm.dll+0x222d6a]
V  [jvm.dll+0x7c2aa4]
V  [jvm.dll+0x7c3ba9]
V  [jvm.dll+0x7c414f]
V  [jvm.dll+0x7c3df8]
V  [jvm.dll+0x27024b]
V  [jvm.dll+0x3d9f3a]
C  0x0000025321273f1b

Java frames: (J=compiled Java code, j=interpreted, Vv=VM code)
j  java.lang.invoke.DirectMethodHandle.shouldBeInitialized(Ljava/lang/invoke/MemberName;)Z+73 java.base@20
j  java.lang.invoke.DirectMethodHandle.preparedLambdaForm(Ljava/lang/invoke/MemberName;Z)Ljava/lang/invoke/LambdaForm;+131 java.base@20
j  java.lang.invoke.DirectMethodHandle.preparedLambdaForm(Ljava/lang/invoke/MemberName;)Ljava/lang/invoke/LambdaForm;+2 java.base@20
j  java.lang.invoke.DirectMethodHandle.make(BLjava/lang/Class;Ljava/lang/invoke/MemberName;Ljava/lang/Class;)Ljava/lang/invoke/DirectMethodHandle;+163 java.base@20
j  java.lang.invoke.MethodHandles$Lookup.getDirectMethodCommon(BLjava/lang/Class;Ljava/lang/invoke/MemberName;ZZLjava/lang/invoke/MethodHandles$Lookup;)Ljava/lang/invoke/MethodHandle;+210 java.base@20
j  java.lang.invoke.MethodHandles$Lookup.getDirectMethod(BLjava/lang/Class;Ljava/lang/invoke/MemberName;Ljava/lang/invoke/MethodHandles$Lookup;)Ljava/lang/invoke/MethodHandle;+14 java.base@20
j  java.lang.invoke.MethodHandles$Lookup.findStatic(Ljava/lang/Class;Ljava/lang/String;Ljava/lang/invoke/MethodType;)Ljava/lang/invoke/MethodHandle;+23 java.base@20
j  java.lang.invoke.MethodHandleImpl$1.findStatic(Ljava/lang/Class;Ljava/lang/String;Ljava/lang/invoke/MethodType;)Ljava/lang/invoke/MethodHandle;+6 java.base@20
j  jdk.internal.reflect.MethodHandleAccessorFactory.getDirectMethod(Ljava/lang/reflect/Method;Z)Ljava/lang/invoke/MethodHandle;+36 java.base@20
j  jdk.internal.reflect.MethodHandleAccessorFactory.newMethodAccessor(Ljava/lang/reflect/Method;Z)Ljdk/internal/reflect/MethodAccessorImpl;+41 java.base@20
j  jdk.internal.reflect.ReflectionFactory.newMethodAccessor(Ljava/lang/reflect/Method;Z)Ljdk/internal/reflect/MethodAccessor;+28 java.base@20
j  java.lang.reflect.Method.acquireMethodAccessor()Ljdk/internal/reflect/MethodAccessor;+38 java.base@20
j  java.lang.reflect.Method.invoke(Ljava/lang/Object;[Ljava/lang/Object;)Ljava/lang/Object;+75 java.base@20
j  java.lang.Class.getEnumConstantsShared()[Ljava/lang/Object;+49 java.base@20
j  java.lang.System$2.getEnumConstantsShared(Ljava/lang/Class;)[Ljava/lang/Enum;+1 java.base@20
j  java.util.EnumMap.getKeyUniverse(Ljava/lang/Class;)[Ljava/lang/Enum;+4 java.base@20
j  java.util.EnumMap.<init>(Ljava/lang/Class;)V+16 java.base@20
j  java.util.stream.StreamOpFlag.set(Ljava/util/stream/StreamOpFlag$Type;)Ljava/util/stream/StreamOpFlag$MaskBuilder;+10 java.base@20
j  java.util.stream.StreamOpFlag.<clinit>()V+11 java.base@20
v  ~StubRoutines::call_stub 0x000002532125100d
j  java.util.stream.StreamSupport.stream(Ljava/util/Spliterator;Z)Ljava/util/stream/Stream;+11 java.base@20
j  java.util.Collection.stream()Ljava/util/stream/Stream;+7 java.base@20
j  jdk.internal.module.DefaultRoots.compute(Ljava/lang/module/ModuleFinder;Ljava/lang/module/ModuleFinder;)Ljava/util/Set;+6 java.base@20
j  jdk.internal.module.ModuleBootstrap.boot2()Ljava/lang/ModuleLayer;+727 java.base@20
j  jdk.internal.module.ModuleBootstrap.boot()Ljava/lang/ModuleLayer;+64 java.base@20
j  java.lang.System.initPhase2(ZZ)I+0 java.base@20
v  ~StubRoutines::call_stub 0x000002532125100d

---------------  P R O C E S S  ---------------

Threads class SMR info:
_java_thread_list=0x0000025332c65890, length=9, elements={
0x0000025311c65d00, 0x0000025332c48010, 0x0000025332c48ab0, 0x0000025332c68c30,
0x0000025332c69570, 0x0000025332c4b770, 0x0000025332c4e6d0, 0x0000025332c4f340,
0x0000025332c4fcc0
}

Java Threads: ( => current thread )
=>0x0000025311c65d00 JavaThread "main" [_thread_in_vm, id=45344, stack(0x00000098dd500000,0x00000098dd600000)]
  0x0000025332c48010 JavaThread "Reference Handler" daemon [_thread_blocked, id=7228, stack(0x00000098ddc00000,0x00000098ddd00000)]
  0x0000025332c48ab0 JavaThread "Finalizer" daemon [_thread_blocked, id=45224, stack(0x00000098ddd00000,0x00000098dde00000)]
  0x0000025332c68c30 JavaThread "Signal Dispatcher" daemon [_thread_blocked, id=46712, stack(0x00000098dde00000,0x00000098ddf00000)]
  0x0000025332c69570 JavaThread "Attach Listener" daemon [_thread_blocked, id=41100, stack(0x00000098ddf00000,0x00000098de000000)]
  0x0000025332c4b770 JavaThread "Service Thread" daemon [_thread_blocked, id=37404, stack(0x00000098de000000,0x00000098de100000)]
  0x0000025332c4e6d0 JavaThread "Monitor Deflation Thread" daemon [_thread_blocked, id=22668, stack(0x00000098de100000,0x00000098de200000)]
  0x0000025332c4f340 JavaThread "C2 CompilerThread0" daemon [_thread_blocked, id=44444, stack(0x00000098de200000,0x00000098de300000)]
  0x0000025332c4fcc0 JavaThread "C1 CompilerThread0" daemon [_thread_blocked, id=33004, stack(0x00000098de300000,0x00000098de400000)]

Other Threads:
  0x0000025332c13cf0 VMThread "VM Thread" [stack: 0x00000098ddb00000,0x00000098ddc00000] [id=30096]
  0x0000025311cc6210 WorkerThread "GC Thread#0" [stack: 0x00000098dd600000,0x00000098dd700000] [id=34612]
  0x0000025311cd7890 ConcurrentGCThread "G1 Main Marker" [stack: 0x00000098dd700000,0x00000098dd800000] [id=25084]
  0x0000025311cd8a60 WorkerThread "G1 Conc#0" [stack: 0x00000098dd800000,0x00000098dd900000] [id=22980]
  0x0000025311d2e630 ConcurrentGCThread "G1 Refine#0" [stack: 0x00000098dd900000,0x00000098dda00000] [id=44092]
  0x000002532e7c8260 ConcurrentGCThread "G1 Service" [stack: 0x00000098dda00000,0x00000098ddb00000] [id=19524]

Threads with active compile tasks:

VM state: not at safepoint (normal execution)

VM Mutex/Monitor currently owned by a thread:  ([mutex/lock_event])
[0x0000025311c60870] Metaspace_lock - owner thread: 0x0000025311c65d00

Heap address: 0x0000000085200000, size: 1966 MB, Compressed Oops mode: 32-bit

CDS archive(s) not mapped
Compressed class space mapped at: 0x0000000100000000-0x0000000140000000, reserved size: 1073741824
Narrow klass base: 0x0000000000000000, Narrow klass shift: 3, Narrow klass range: 0x140000000

GC Precious Log:
 CardTable entry size: 512
 Card Set container configuration: InlinePtr #cards 5 size 8 Array Of Cards #cards 12 size 40 Howl #buckets 4 coarsen threshold 1843 Howl Bitmap #cards 512 size 80 coarsen threshold 460 Card regions per heap region 1 cards per card region 2048
 CPUs: 12 total, 12 available
 Memory: 7863M
 Large Page Support: Disabled
 NUMA Support: Disabled
 Compressed Oops: Enabled (32-bit)
 Heap Region Size: 1M
 Heap Min Capacity: 8M
 Heap Initial Capacity: 124M
 Heap Max Capacity: 1966M
 Pre-touch: Disabled
 Parallel Workers: 10
 Concurrent Workers: 3
 Concurrent Refinement Workers: 10
 Periodic GC: Disabled

Heap:
 garbage-first heap   total 126976K, used 0K [0x0000000085200000, 0x0000000100000000)
  region size 1024K, 1 young (1024K), 0 survivors (0K)
 Metaspace       used 4503K, committed 4544K, reserved 1114112K
  class space    used 349K, committed 384K, reserved 1048576K

Heap Regions: E=young(eden), S=young(survivor), O=old, HS=humongous(starts), HC=humongous(continues), CS=collection set, F=free, OA=open archive, CA=closed archive, TAMS=top-at-mark-start, PB=parsable bottom
|   0|0x0000000085200000, 0x0000000085200000, 0x0000000085300000|  0%| F|  |TAMS 0x0000000085200000| PB 0x0000000085200000| Untracked 
|   1|0x0000000085300000, 0x0000000085300000, 0x0000000085400000|  0%| F|  |TAMS 0x0000000085300000| PB 0x0000000085300000| Untracked 
|   2|0x0000000085400000, 0x0000000085400000, 0x0000000085500000|  0%| F|  |TAMS 0x0000000085400000| PB 0x0000000085400000| Untracked 
|   3|0x0000000085500000, 0x0000000085500000, 0x0000000085600000|  0%| F|  |TAMS 0x0000000085500000| PB 0x0000000085500000| Untracked 
|   4|0x0000000085600000, 0x0000000085600000, 0x0000000085700000|  0%| F|  |TAMS 0x0000000085600000| PB 0x0000000085600000| Untracked 
|   5|0x0000000085700000, 0x0000000085700000, 0x0000000085800000|  0%| F|  |TAMS 0x0000000085700000| PB 0x0000000085700000| Untracked 
|   6|0x0000000085800000, 0x0000000085800000, 0x0000000085900000|  0%| F|  |TAMS 0x0000000085800000| PB 0x0000000085800000| Untracked 
|   7|0x0000000085900000, 0x0000000085900000, 0x0000000085a00000|  0%| F|  |TAMS 0x0000000085900000| PB 0x0000000085900000| Untracked 
|   8|0x0000000085a00000, 0x0000000085a00000, 0x0000000085b00000|  0%| F|  |TAMS 0x0000000085a00000| PB 0x0000000085a00000| Untracked 
|   9|0x0000000085b00000, 0x0000000085b00000, 0x0000000085c00000|  0%| F|  |TAMS 0x0000000085b00000| PB 0x0000000085b00000| Untracked 
|  10|0x0000000085c00000, 0x0000000085c00000, 0x0000000085d00000|  0%| F|  |TAMS 0x0000000085c00000| PB 0x0000000085c00000| Untracked 
|  11|0x0000000085d00000, 0x0000000085d00000, 0x0000000085e00000|  0%| F|  |TAMS 0x0000000085d00000| PB 0x0000000085d00000| Untracked 
|  12|0x0000000085e00000, 0x0000000085e00000, 0x0000000085f00000|  0%| F|  |TAMS 0x0000000085e00000| PB 0x0000000085e00000| Untracked 
|  13|0x0000000085f00000, 0x0000000085f00000, 0x0000000086000000|  0%| F|  |TAMS 0x0000000085f00000| PB 0x0000000085f00000| Untracked 
|  14|0x0000000086000000, 0x0000000086000000, 0x0000000086100000|  0%| F|  |TAMS 0x0000000086000000| PB 0x0000000086000000| Untracked 
|  15|0x0000000086100000, 0x0000000086100000, 0x0000000086200000|  0%| F|  |TAMS 0x0000000086100000| PB 0x0000000086100000| Untracked 
|  16|0x0000000086200000, 0x0000000086200000, 0x0000000086300000|  0%| F|  |TAMS 0x0000000086200000| PB 0x0000000086200000| Untracked 
|  17|0x0000000086300000, 0x0000000086300000, 0x0000000086400000|  0%| F|  |TAMS 0x0000000086300000| PB 0x0000000086300000| Untracked 
|  18|0x0000000086400000, 0x0000000086400000, 0x0000000086500000|  0%| F|  |TAMS 0x0000000086400000| PB 0x0000000086400000| Untracked 
|  19|0x0000000086500000, 0x0000000086500000, 0x0000000086600000|  0%| F|  |TAMS 0x0000000086500000| PB 0x0000000086500000| Untracked 
|  20|0x0000000086600000, 0x0000000086600000, 0x0000000086700000|  0%| F|  |TAMS 0x0000000086600000| PB 0x0000000086600000| Untracked 
|  21|0x0000000086700000, 0x0000000086700000, 0x0000000086800000|  0%| F|  |TAMS 0x0000000086700000| PB 0x0000000086700000| Untracked 
|  22|0x0000000086800000, 0x0000000086800000, 0x0000000086900000|  0%| F|  |TAMS 0x0000000086800000| PB 0x0000000086800000| Untracked 
|  23|0x0000000086900000, 0x0000000086900000, 0x0000000086a00000|  0%| F|  |TAMS 0x0000000086900000| PB 0x0000000086900000| Untracked 
|  24|0x0000000086a00000, 0x0000000086a00000, 0x0000000086b00000|  0%| F|  |TAMS 0x0000000086a00000| PB 0x0000000086a00000| Untracked 
|  25|0x0000000086b00000, 0x0000000086b00000, 0x0000000086c00000|  0%| F|  |TAMS 0x0000000086b00000| PB 0x0000000086b00000| Untracked 
|  26|0x0000000086c00000, 0x0000000086c00000, 0x0000000086d00000|  0%| F|  |TAMS 0x0000000086c00000| PB 0x0000000086c00000| Untracked 
|  27|0x0000000086d00000, 0x0000000086d00000, 0x0000000086e00000|  0%| F|  |TAMS 0x0000000086d00000| PB 0x0000000086d00000| Untracked 
|  28|0x0000000086e00000, 0x0000000086e00000, 0x0000000086f00000|  0%| F|  |TAMS 0x0000000086e00000| PB 0x0000000086e00000| Untracked 
|  29|0x0000000086f00000, 0x0000000086f00000, 0x0000000087000000|  0%| F|  |TAMS 0x0000000086f00000| PB 0x0000000086f00000| Untracked 
|  30|0x0000000087000000, 0x0000000087000000, 0x0000000087100000|  0%| F|  |TAMS 0x0000000087000000| PB 0x0000000087000000| Untracked 
|  31|0x0000000087100000, 0x0000000087100000, 0x0000000087200000|  0%| F|  |TAMS 0x0000000087100000| PB 0x0000000087100000| Untracked 
|  32|0x0000000087200000, 0x0000000087200000, 0x0000000087300000|  0%| F|  |TAMS 0x0000000087200000| PB 0x0000000087200000| Untracked 
|  33|0x0000000087300000, 0x0000000087300000, 0x0000000087400000|  0%| F|  |TAMS 0x0000000087300000| PB 0x0000000087300000| Untracked 
|  34|0x0000000087400000, 0x0000000087400000, 0x0000000087500000|  0%| F|  |TAMS 0x0000000087400000| PB 0x0000000087400000| Untracked 
|  35|0x0000000087500000, 0x0000000087500000, 0x0000000087600000|  0%| F|  |TAMS 0x0000000087500000| PB 0x0000000087500000| Untracked 
|  36|0x0000000087600000, 0x0000000087600000, 0x0000000087700000|  0%| F|  |TAMS 0x0000000087600000| PB 0x0000000087600000| Untracked 
|  37|0x0000000087700000, 0x0000000087700000, 0x0000000087800000|  0%| F|  |TAMS 0x0000000087700000| PB 0x0000000087700000| Untracked 
|  38|0x0000000087800000, 0x0000000087800000, 0x0000000087900000|  0%| F|  |TAMS 0x0000000087800000| PB 0x0000000087800000| Untracked 
|  39|0x0000000087900000, 0x0000000087900000, 0x0000000087a00000|  0%| F|  |TAMS 0x0000000087900000| PB 0x0000000087900000| Untracked 
|  40|0x0000000087a00000, 0x0000000087a00000, 0x0000000087b00000|  0%| F|  |TAMS 0x0000000087a00000| PB 0x0000000087a00000| Untracked 
|  41|0x0000000087b00000, 0x0000000087b00000, 0x0000000087c00000|  0%| F|  |TAMS 0x0000000087b00000| PB 0x0000000087b00000| Untracked 
|  42|0x0000000087c00000, 0x0000000087c00000, 0x0000000087d00000|  0%| F|  |TAMS 0x0000000087c00000| PB 0x0000000087c00000| Untracked 
|  43|0x0000000087d00000, 0x0000000087d00000, 0x0000000087e00000|  0%| F|  |TAMS 0x0000000087d00000| PB 0x0000000087d00000| Untracked 
|  44|0x0000000087e00000, 0x0000000087e00000, 0x0000000087f00000|  0%| F|  |TAMS 0x0000000087e00000| PB 0x0000000087e00000| Untracked 
|  45|0x0000000087f00000, 0x0000000087f00000, 0x0000000088000000|  0%| F|  |TAMS 0x0000000087f00000| PB 0x0000000087f00000| Untracked 
|  46|0x0000000088000000, 0x0000000088000000, 0x0000000088100000|  0%| F|  |TAMS 0x0000000088000000| PB 0x0000000088000000| Untracked 
|  47|0x0000000088100000, 0x0000000088100000, 0x0000000088200000|  0%| F|  |TAMS 0x0000000088100000| PB 0x0000000088100000| Untracked 
|  48|0x0000000088200000, 0x0000000088200000, 0x0000000088300000|  0%| F|  |TAMS 0x0000000088200000| PB 0x0000000088200000| Untracked 
|  49|0x0000000088300000, 0x0000000088300000, 0x0000000088400000|  0%| F|  |TAMS 0x0000000088300000| PB 0x0000000088300000| Untracked 
|  50|0x0000000088400000, 0x0000000088400000, 0x0000000088500000|  0%| F|  |TAMS 0x0000000088400000| PB 0x0000000088400000| Untracked 
|  51|0x0000000088500000, 0x0000000088500000, 0x0000000088600000|  0%| F|  |TAMS 0x0000000088500000| PB 0x0000000088500000| Untracked 
|  52|0x0000000088600000, 0x0000000088600000, 0x0000000088700000|  0%| F|  |TAMS 0x0000000088600000| PB 0x0000000088600000| Untracked 
|  53|0x0000000088700000, 0x0000000088700000, 0x0000000088800000|  0%| F|  |TAMS 0x0000000088700000| PB 0x0000000088700000| Untracked 
|  54|0x0000000088800000, 0x0000000088800000, 0x0000000088900000|  0%| F|  |TAMS 0x0000000088800000| PB 0x0000000088800000| Untracked 
|  55|0x0000000088900000, 0x0000000088900000, 0x0000000088a00000|  0%| F|  |TAMS 0x0000000088900000| PB 0x0000000088900000| Untracked 
|  56|0x0000000088a00000, 0x0000000088a00000, 0x0000000088b00000|  0%| F|  |TAMS 0x0000000088a00000| PB 0x0000000088a00000| Untracked 
|  57|0x0000000088b00000, 0x0000000088b00000, 0x0000000088c00000|  0%| F|  |TAMS 0x0000000088b00000| PB 0x0000000088b00000| Untracked 
|  58|0x0000000088c00000, 0x0000000088c00000, 0x0000000088d00000|  0%| F|  |TAMS 0x0000000088c00000| PB 0x0000000088c00000| Untracked 
|  59|0x0000000088d00000, 0x0000000088d00000, 0x0000000088e00000|  0%| F|  |TAMS 0x0000000088d00000| PB 0x0000000088d00000| Untracked 
|  60|0x0000000088e00000, 0x0000000088e00000, 0x0000000088f00000|  0%| F|  |TAMS 0x0000000088e00000| PB 0x0000000088e00000| Untracked 
|  61|0x0000000088f00000, 0x0000000088f00000, 0x0000000089000000|  0%| F|  |TAMS 0x0000000088f00000| PB 0x0000000088f00000| Untracked 
|  62|0x0000000089000000, 0x0000000089000000, 0x0000000089100000|  0%| F|  |TAMS 0x0000000089000000| PB 0x0000000089000000| Untracked 
|  63|0x0000000089100000, 0x0000000089100000, 0x0000000089200000|  0%| F|  |TAMS 0x0000000089100000| PB 0x0000000089100000| Untracked 
|  64|0x0000000089200000, 0x0000000089200000, 0x0000000089300000|  0%| F|  |TAMS 0x0000000089200000| PB 0x0000000089200000| Untracked 
|  65|0x0000000089300000, 0x0000000089300000, 0x0000000089400000|  0%| F|  |TAMS 0x0000000089300000| PB 0x0000000089300000| Untracked 
|  66|0x0000000089400000, 0x0000000089400000, 0x0000000089500000|  0%| F|  |TAMS 0x0000000089400000| PB 0x0000000089400000| Untracked 
|  67|0x0000000089500000, 0x0000000089500000, 0x0000000089600000|  0%| F|  |TAMS 0x0000000089500000| PB 0x0000000089500000| Untracked 
|  68|0x0000000089600000, 0x0000000089600000, 0x0000000089700000|  0%| F|  |TAMS 0x0000000089600000| PB 0x0000000089600000| Untracked 
|  69|0x0000000089700000, 0x0000000089700000, 0x0000000089800000|  0%| F|  |TAMS 0x0000000089700000| PB 0x0000000089700000| Untracked 
|  70|0x0000000089800000, 0x0000000089800000, 0x0000000089900000|  0%| F|  |TAMS 0x0000000089800000| PB 0x0000000089800000| Untracked 
|  71|0x0000000089900000, 0x0000000089900000, 0x0000000089a00000|  0%| F|  |TAMS 0x0000000089900000| PB 0x0000000089900000| Untracked 
|  72|0x0000000089a00000, 0x0000000089a00000, 0x0000000089b00000|  0%| F|  |TAMS 0x0000000089a00000| PB 0x0000000089a00000| Untracked 
|  73|0x0000000089b00000, 0x0000000089b00000, 0x0000000089c00000|  0%| F|  |TAMS 0x0000000089b00000| PB 0x0000000089b00000| Untracked 
|  74|0x0000000089c00000, 0x0000000089c00000, 0x0000000089d00000|  0%| F|  |TAMS 0x0000000089c00000| PB 0x0000000089c00000| Untracked 
|  75|0x0000000089d00000, 0x0000000089d00000, 0x0000000089e00000|  0%| F|  |TAMS 0x0000000089d00000| PB 0x0000000089d00000| Untracked 
|  76|0x0000000089e00000, 0x0000000089e00000, 0x0000000089f00000|  0%| F|  |TAMS 0x0000000089e00000| PB 0x0000000089e00000| Untracked 
|  77|0x0000000089f00000, 0x0000000089f00000, 0x000000008a000000|  0%| F|  |TAMS 0x0000000089f00000| PB 0x0000000089f00000| Untracked 
|  78|0x000000008a000000, 0x000000008a000000, 0x000000008a100000|  0%| F|  |TAMS 0x000000008a000000| PB 0x000000008a000000| Untracked 
|  79|0x000000008a100000, 0x000000008a100000, 0x000000008a200000|  0%| F|  |TAMS 0x000000008a100000| PB 0x000000008a100000| Untracked 
|  80|0x000000008a200000, 0x000000008a200000, 0x000000008a300000|  0%| F|  |TAMS 0x000000008a200000| PB 0x000000008a200000| Untracked 
|  81|0x000000008a300000, 0x000000008a300000, 0x000000008a400000|  0%| F|  |TAMS 0x000000008a300000| PB 0x000000008a300000| Untracked 
|  82|0x000000008a400000, 0x000000008a400000, 0x000000008a500000|  0%| F|  |TAMS 0x000000008a400000| PB 0x000000008a400000| Untracked 
|  83|0x000000008a500000, 0x000000008a500000, 0x000000008a600000|  0%| F|  |TAMS 0x000000008a500000| PB 0x000000008a500000| Untracked 
|  84|0x000000008a600000, 0x000000008a600000, 0x000000008a700000|  0%| F|  |TAMS 0x000000008a600000| PB 0x000000008a600000| Untracked 
|  85|0x000000008a700000, 0x000000008a700000, 0x000000008a800000|  0%| F|  |TAMS 0x000000008a700000| PB 0x000000008a700000| Untracked 
|  86|0x000000008a800000, 0x000000008a800000, 0x000000008a900000|  0%| F|  |TAMS 0x000000008a800000| PB 0x000000008a800000| Untracked 
|  87|0x000000008a900000, 0x000000008a900000, 0x000000008aa00000|  0%| F|  |TAMS 0x000000008a900000| PB 0x000000008a900000| Untracked 
|  88|0x000000008aa00000, 0x000000008aa00000, 0x000000008ab00000|  0%| F|  |TAMS 0x000000008aa00000| PB 0x000000008aa00000| Untracked 
|  89|0x000000008ab00000, 0x000000008ab00000, 0x000000008ac00000|  0%| F|  |TAMS 0x000000008ab00000| PB 0x000000008ab00000| Untracked 
|  90|0x000000008ac00000, 0x000000008ac00000, 0x000000008ad00000|  0%| F|  |TAMS 0x000000008ac00000| PB 0x000000008ac00000| Untracked 
|  91|0x000000008ad00000, 0x000000008ad00000, 0x000000008ae00000|  0%| F|  |TAMS 0x000000008ad00000| PB 0x000000008ad00000| Untracked 
|  92|0x000000008ae00000, 0x000000008ae00000, 0x000000008af00000|  0%| F|  |TAMS 0x000000008ae00000| PB 0x000000008ae00000| Untracked 
|  93|0x000000008af00000, 0x000000008af00000, 0x000000008b000000|  0%| F|  |TAMS 0x000000008af00000| PB 0x000000008af00000| Untracked 
|  94|0x000000008b000000, 0x000000008b000000, 0x000000008b100000|  0%| F|  |TAMS 0x000000008b000000| PB 0x000000008b000000| Untracked 
|  95|0x000000008b100000, 0x000000008b100000, 0x000000008b200000|  0%| F|  |TAMS 0x000000008b100000| PB 0x000000008b100000| Untracked 
|  96|0x000000008b200000, 0x000000008b200000, 0x000000008b300000|  0%| F|  |TAMS 0x000000008b200000| PB 0x000000008b200000| Untracked 
|  97|0x000000008b300000, 0x000000008b300000, 0x000000008b400000|  0%| F|  |TAMS 0x000000008b300000| PB 0x000000008b300000| Untracked 
|  98|0x000000008b400000, 0x000000008b400000, 0x000000008b500000|  0%| F|  |TAMS 0x000000008b400000| PB 0x000000008b400000| Untracked 
|  99|0x000000008b500000, 0x000000008b500000, 0x000000008b600000|  0%| F|  |TAMS 0x000000008b500000| PB 0x000000008b500000| Untracked 
| 100|0x000000008b600000, 0x000000008b600000, 0x000000008b700000|  0%| F|  |TAMS 0x000000008b600000| PB 0x000000008b600000| Untracked 
| 101|0x000000008b700000, 0x000000008b700000, 0x000000008b800000|  0%| F|  |TAMS 0x000000008b700000| PB 0x000000008b700000| Untracked 
| 102|0x000000008b800000, 0x000000008b800000, 0x000000008b900000|  0%| F|  |TAMS 0x000000008b800000| PB 0x000000008b800000| Untracked 
| 103|0x000000008b900000, 0x000000008b900000, 0x000000008ba00000|  0%| F|  |TAMS 0x000000008b900000| PB 0x000000008b900000| Untracked 
| 104|0x000000008ba00000, 0x000000008ba00000, 0x000000008bb00000|  0%| F|  |TAMS 0x000000008ba00000| PB 0x000000008ba00000| Untracked 
| 105|0x000000008bb00000, 0x000000008bb00000, 0x000000008bc00000|  0%| F|  |TAMS 0x000000008bb00000| PB 0x000000008bb00000| Untracked 
| 106|0x000000008bc00000, 0x000000008bc00000, 0x000000008bd00000|  0%| F|  |TAMS 0x000000008bc00000| PB 0x000000008bc00000| Untracked 
| 107|0x000000008bd00000, 0x000000008bd00000, 0x000000008be00000|  0%| F|  |TAMS 0x000000008bd00000| PB 0x000000008bd00000| Untracked 
| 108|0x000000008be00000, 0x000000008be00000, 0x000000008bf00000|  0%| F|  |TAMS 0x000000008be00000| PB 0x000000008be00000| Untracked 
| 109|0x000000008bf00000, 0x000000008bf00000, 0x000000008c000000|  0%| F|  |TAMS 0x000000008bf00000| PB 0x000000008bf00000| Untracked 
| 110|0x000000008c000000, 0x000000008c000000, 0x000000008c100000|  0%| F|  |TAMS 0x000000008c000000| PB 0x000000008c000000| Untracked 
| 111|0x000000008c100000, 0x000000008c100000, 0x000000008c200000|  0%| F|  |TAMS 0x000000008c100000| PB 0x000000008c100000| Untracked 
| 112|0x000000008c200000, 0x000000008c200000, 0x000000008c300000|  0%| F|  |TAMS 0x000000008c200000| PB 0x000000008c200000| Untracked 
| 113|0x000000008c300000, 0x000000008c300000, 0x000000008c400000|  0%| F|  |TAMS 0x000000008c300000| PB 0x000000008c300000| Untracked 
| 114|0x000000008c400000, 0x000000008c400000, 0x000000008c500000|  0%| F|  |TAMS 0x000000008c400000| PB 0x000000008c400000| Untracked 
| 115|0x000000008c500000, 0x000000008c500000, 0x000000008c600000|  0%| F|  |TAMS 0x000000008c500000| PB 0x000000008c500000| Untracked 
| 116|0x000000008c600000, 0x000000008c600000, 0x000000008c700000|  0%| F|  |TAMS 0x000000008c600000| PB 0x000000008c600000| Untracked 
| 117|0x000000008c700000, 0x000000008c700000, 0x000000008c800000|  0%| F|  |TAMS 0x000000008c700000| PB 0x000000008c700000| Untracked 
| 118|0x000000008c800000, 0x000000008c800000, 0x000000008c900000|  0%| F|  |TAMS 0x000000008c800000| PB 0x000000008c800000| Untracked 
| 119|0x000000008c900000, 0x000000008c900000, 0x000000008ca00000|  0%| F|  |TAMS 0x000000008c900000| PB 0x000000008c900000| Untracked 
| 120|0x000000008ca00000, 0x000000008ca00000, 0x000000008cb00000|  0%| F|  |TAMS 0x000000008ca00000| PB 0x000000008ca00000| Untracked 
| 121|0x000000008cb00000, 0x000000008cb00000, 0x000000008cc00000|  0%| F|  |TAMS 0x000000008cb00000| PB 0x000000008cb00000| Untracked 
| 122|0x000000008cc00000, 0x000000008cc00000, 0x000000008cd00000|  0%| F|  |TAMS 0x000000008cc00000| PB 0x000000008cc00000| Untracked 
| 123|0x000000008cd00000, 0x000000008ce00000, 0x000000008ce00000|100%| E|  |TAMS 0x000000008cd00000| PB 0x000000008cd00000| Complete 

Card table byte_map: [0x0000025329650000,0x0000025329a30000] _byte_map_base: 0x0000025329227000

Marking Bits: (CMBitMap*) 0x0000025311cc6840
 Bits: [0x0000025329e10000, 0x000002532bcc8000)

Polling page: 0x000002530fbb0000

Metaspace:

Usage:
  Non-class:      4.06 MB used.
      Class:    349.17 KB used.
       Both:      4.40 MB used.

Virtual space:
  Non-class space:       64.00 MB reserved,       4.06 MB (  6%) committed,  1 nodes.
      Class space:        1.00 GB reserved,     384.00 KB ( <1%) committed,  1 nodes.
             Both:        1.06 GB reserved,       4.44 MB ( <1%) committed. 

Chunk freelists:
   Non-Class:  3.00 MB
       Class:  3.62 MB
        Both:  6.62 MB

MaxMetaspaceSize: unlimited
CompressedClassSpaceSize: 1.00 GB
Initial GC threshold: 21.00 MB
Current GC threshold: 21.00 MB
CDS: off
MetaspaceReclaimPolicy: balanced
 - commit_granule_bytes: 65536.
 - commit_granule_words: 8192.
 - virtual_space_node_default_size: 8388608.
 - enlarge_chunks_in_place: 1.
 - new_chunks_are_fully_committed: 0.
 - uncommit_free_chunks: 1.
 - use_allocation_guard: 0.


Internal statistics:

num_allocs_failed_limit: 0.
num_arena_births: 2.
num_arena_deaths: 0.
num_vsnodes_births: 2.
num_vsnodes_deaths: 0.
num_space_committed: 71.
num_space_uncommitted: 0.
num_chunks_returned_to_freelist: 0.
num_chunks_taken_from_freelist: 5.
num_chunk_merges: 0.
num_chunk_splits: 2.
num_chunks_enlarged: 0.
num_inconsistent_stats: 0.

CodeHeap 'non-profiled nmethods': size=120000Kb used=3Kb max_used=3Kb free=119996Kb
 bounds [0x00000253217f0000, 0x0000025321a60000, 0x0000025328d20000]
CodeHeap 'profiled nmethods': size=120000Kb used=37Kb max_used=37Kb free=119962Kb
 bounds [0x0000025319d20000, 0x0000025319f90000, 0x0000025321250000]
CodeHeap 'non-nmethods': size=5760Kb used=1254Kb max_used=1254Kb free=4505Kb
 bounds [0x0000025321250000, 0x00000253214c0000, 0x00000253217f0000]
 total_blobs=353 nmethods=31 adapters=233
 compilation: enabled
              stopped_count=0, restarted_count=0
 full_count=0

Compilation events (20 events):
Event: 0.053 Thread 0x0000025332c4fcc0 nmethod 22 0x00000253217f0310 code [0x00000253217f0480, 0x00000253217f0548]
Event: 0.053 Thread 0x0000025332c4fcc0   23       1       java.lang.module.ModuleReference::descriptor (5 bytes)
Event: 0.053 Thread 0x0000025332c4fcc0 nmethod 23 0x00000253217f0610 code [0x00000253217f0780, 0x00000253217f0848]
Event: 0.053 Thread 0x0000025332c4fcc0   24       3       java.net.URI::hash (33 bytes)
Event: 0.054 Thread 0x0000025332c4fcc0 nmethod 24 0x0000025319d26c90 code [0x0000025319d26e80, 0x0000025319d27318]
Event: 0.054 Thread 0x0000025332c4fcc0   25       3       java.util.HashMap::hash (20 bytes)
Event: 0.054 Thread 0x0000025332c4fcc0 nmethod 25 0x0000025319d27510 code [0x0000025319d276a0, 0x0000025319d278a0]
Event: 0.054 Thread 0x0000025332c4f340 nmethod 14 0x00000253217f0910 code [0x00000253217f0a80, 0x00000253217f0bf8]
Event: 0.054 Thread 0x0000025332c4fcc0   26       3       java.lang.String::isEmpty (14 bytes)
Event: 0.054 Thread 0x0000025332c4fcc0 nmethod 26 0x0000025319d27990 code [0x0000025319d27b20, 0x0000025319d27c98]
Event: 0.056 Thread 0x0000025332c4fcc0   27       3       java.lang.StringLatin1::indexOfChar (33 bytes)
Event: 0.056 Thread 0x0000025332c4fcc0 nmethod 27 0x0000025319d27d90 code [0x0000025319d27f20, 0x0000025319d28158]
Event: 0.059 Thread 0x0000025332c4fcc0   28       3       java.util.ImmutableCollections$SetN$SetNIterator::hasNext (13 bytes)
Event: 0.059 Thread 0x0000025332c4fcc0 nmethod 28 0x0000025319d28290 code [0x0000025319d28420, 0x0000025319d28590]
Event: 0.059 Thread 0x0000025332c4fcc0   29       3       java.util.concurrent.ConcurrentHashMap::tabAt (22 bytes)
Event: 0.059 Thread 0x0000025332c4fcc0 nmethod 29 0x0000025319d28610 code [0x0000025319d287a0, 0x0000025319d28a70]
Event: 0.059 Thread 0x0000025332c4fcc0   31       3       java.util.ImmutableCollections$SetN$SetNIterator::next (90 bytes)
Event: 0.059 Thread 0x0000025332c4fcc0 nmethod 31 0x0000025319d28b90 code [0x0000025319d28d40, 0x0000025319d29050]
Event: 0.059 Thread 0x0000025332c4fcc0   30       3       jdk.internal.misc.Unsafe::getReferenceAcquire (7 bytes)
Event: 0.059 Thread 0x0000025332c4fcc0 nmethod 30 0x0000025319d29190 code [0x0000025319d29320, 0x0000025319d29488]

GC Heap History (0 events):
No events

Dll operation events (2 events):
Event: 0.008 Loaded shared library C:\Program Files\Java\jdk-20\bin\java.dll
Event: 0.026 Loaded shared library C:\Program Files\Java\jdk-20\bin\jsvml.dll

Deoptimization events (0 events):
No events

Classes loaded (20 events):
Event: 0.061 Loading class java/lang/invoke/MethodHandleImpl done
Event: 0.061 Loading class java/lang/invoke/LambdaForm$NamedFunction
Event: 0.061 Loading class java/lang/invoke/LambdaForm$NamedFunction done
Event: 0.061 Loading class java/lang/invoke/MethodHandleImpl$1
Event: 0.061 Loading class jdk/internal/access/JavaLangInvokeAccess
Event: 0.061 Loading class jdk/internal/access/JavaLangInvokeAccess done
Event: 0.061 Loading class java/lang/invoke/MethodHandleImpl$1 done
Event: 0.061 Loading class java/lang/NoSuchMethodException
Event: 0.061 Loading class java/lang/NoSuchMethodException done
Event: 0.062 Loading class sun/invoke/util/Wrapper
Event: 0.062 Loading class sun/invoke/util/Wrapper done
Event: 0.062 Loading class sun/invoke/util/Wrapper$Format
Event: 0.062 Loading class sun/invoke/util/Wrapper$Format done
Event: 0.062 Loading class java/lang/Void
Event: 0.062 Loading class java/lang/Void done
Event: 0.062 Loading class java/lang/invoke/DirectMethodHandle$Holder
Event: 0.063 Loading class java/lang/invoke/DirectMethodHandle$Holder done
Event: 0.063 Loading class sun/invoke/util/ValueConversions
Event: 0.063 Loading class sun/invoke/util/ValueConversions done
Event: 0.063 Loading class java/lang/invoke/Invokers

Classes unloaded (0 events):
No events

Classes redefined (0 events):
No events

Internal exceptions (0 events):
No events

VM Operations (0 events):
No events

Events (9 events):
Event: 0.026 Thread 0x0000025311c65d00 Thread added: 0x0000025311c65d00
Event: 0.042 Thread 0x0000025332c48010 Thread added: 0x0000025332c48010
Event: 0.042 Thread 0x0000025332c48ab0 Thread added: 0x0000025332c48ab0
Event: 0.042 Thread 0x0000025332c68c30 Thread added: 0x0000025332c68c30
Event: 0.042 Thread 0x0000025332c69570 Thread added: 0x0000025332c69570
Event: 0.042 Thread 0x0000025332c4b770 Thread added: 0x0000025332c4b770
Event: 0.042 Thread 0x0000025332c4e6d0 Thread added: 0x0000025332c4e6d0
Event: 0.042 Thread 0x0000025332c4f340 Thread added: 0x0000025332c4f340
Event: 0.042 Thread 0x0000025332c4fcc0 Thread added: 0x0000025332c4fcc0


Dynamic libraries:
0x00007ff6d55b0000 - 0x00007ff6d55c0000 	C:\Program Files\Java\jdk-20\bin\java.exe
0x00007ffc372f0000 - 0x00007ffc37507000 	C:\windows\SYSTEM32\ntdll.dll
0x00007ffc35d40000 - 0x00007ffc35e04000 	C:\windows\System32\KERNEL32.DLL
0x00007ffc34c90000 - 0x00007ffc35036000 	C:\windows\System32\KERNELBASE.dll
0x00007ffc34b00000 - 0x00007ffc34c11000 	C:\windows\System32\ucrtbase.dll
0x00007ffbbec50000 - 0x00007ffbbec6b000 	C:\Program Files\Java\jdk-20\bin\VCRUNTIME140.dll
0x00007ffc229d0000 - 0x00007ffc229e9000 	C:\Program Files\Java\jdk-20\bin\jli.dll
0x00007ffc35840000 - 0x00007ffc358f1000 	C:\windows\System32\ADVAPI32.dll
0x00007ffc35c90000 - 0x00007ffc35d37000 	C:\windows\System32\msvcrt.dll
0x00007ffc36200000 - 0x00007ffc362a5000 	C:\windows\System32\sechost.dll
0x00007ffc355d0000 - 0x00007ffc356e7000 	C:\windows\System32\RPCRT4.dll
0x00007ffc352e0000 - 0x00007ffc3548e000 	C:\windows\System32\USER32.dll
0x00007ffc34840000 - 0x00007ffc34866000 	C:\windows\System32\win32u.dll
0x00007ffc36130000 - 0x00007ffc36159000 	C:\windows\System32\GDI32.dll
0x00007ffc34720000 - 0x00007ffc34838000 	C:\windows\System32\gdi32full.dll
0x00007ffc34870000 - 0x00007ffc3490a000 	C:\windows\System32\msvcp_win.dll
0x00007ffc0e9e0000 - 0x00007ffc0ec73000 	C:\windows\WinSxS\amd64_microsoft.windows.common-controls_6595b64144ccf1df_6.0.22621.2506_none_270c5ae97388e100\COMCTL32.dll
0x00007ffc298a0000 - 0x00007ffc298aa000 	C:\windows\SYSTEM32\VERSION.dll
0x00007ffc35040000 - 0x00007ffc35071000 	C:\windows\System32\IMM32.DLL
0x00007ffc0b8a0000 - 0x00007ffc0b8ac000 	C:\Program Files\Java\jdk-20\bin\vcruntime140_1.dll
0x00007ffbb00f0000 - 0x00007ffbb017e000 	C:\Program Files\Java\jdk-20\bin\msvcp140.dll
0x00007ffbb04d0000 - 0x00007ffbb1167000 	C:\Program Files\Java\jdk-20\bin\server\jvm.dll
0x00007ffc2a580000 - 0x00007ffc2a5b4000 	C:\windows\SYSTEM32\WINMM.dll
0x00007ffc12240000 - 0x00007ffc12249000 	C:\windows\SYSTEM32\WSOCK32.dll
0x00007ffc35260000 - 0x00007ffc352d1000 	C:\windows\System32\WS2_32.dll
0x00007ffc33620000 - 0x00007ffc33638000 	C:\windows\SYSTEM32\kernel.appcore.dll
0x00007ffc0b790000 - 0x00007ffc0b79a000 	C:\Program Files\Java\jdk-20\bin\jimage.dll
0x00007ffc31f00000 - 0x00007ffc32133000 	C:\windows\SYSTEM32\DBGHELP.DLL
0x00007ffc35900000 - 0x00007ffc35c89000 	C:\windows\System32\combase.dll
0x00007ffc35700000 - 0x00007ffc357d7000 	C:\windows\System32\OLEAUT32.dll
0x00007ffc23270000 - 0x00007ffc232a2000 	C:\windows\SYSTEM32\dbgcore.DLL
0x00007ffc34a80000 - 0x00007ffc34afa000 	C:\windows\System32\bcryptPrimitives.dll
0x00007ffbb0460000 - 0x00007ffbb0486000 	C:\Program Files\Java\jdk-20\bin\java.dll
0x00007ffbb0380000 - 0x00007ffbb0457000 	C:\Program Files\Java\jdk-20\bin\jsvml.dll
0x00007ffc368d0000 - 0x00007ffc3712a000 	C:\windows\System32\SHELL32.dll
0x00007ffc32530000 - 0x00007ffc32e26000 	C:\windows\SYSTEM32\windows.storage.dll
0x00007ffc323f0000 - 0x00007ffc3252e000 	C:\windows\SYSTEM32\wintypes.dll
0x00007ffc35fd0000 - 0x00007ffc360c3000 	C:\windows\System32\SHCORE.dll
0x00007ffc37140000 - 0x00007ffc3719e000 	C:\windows\System32\shlwapi.dll
0x00007ffc34590000 - 0x00007ffc345b6000 	C:\windows\SYSTEM32\profapi.dll

dbghelp: loaded successfully - version: 4.0.5 - missing functions: none
symbol engine: initialized successfully - sym options: 0x614 - pdb path: .;C:\Program Files\Java\jdk-20\bin;C:\windows\SYSTEM32;C:\windows\WinSxS\amd64_microsoft.windows.common-controls_6595b64144ccf1df_6.0.22621.2506_none_270c5ae97388e100;C:\Program Files\Java\jdk-20\bin\server

VM Arguments:
jvm_args: -Dfile.encoding=UTF-8 --module-path=C:\Users\galaa\Documents\NetBeansProjects\banking system\build\classes 
java_command: banking.system.FundsTran
java_class_path (initial): C:\Users\galaa\Documents\jcalendar-tz-1.3.3-4.jar;C:\Users\galaa\Desktop\jar_files (1)\mysql-connector-java-8.0.28.jar;C:\Users\galaa\Documents\NetBeansProjects\banking system\build\classes
Launcher Type: SUN_STANDARD

[Global flags]
     intx CICompilerCount                          = 4                                         {product} {ergonomic}
     uint ConcGCThreads                            = 3                                         {product} {ergonomic}
     uint G1ConcRefinementThreads                  = 10                                        {product} {ergonomic}
   size_t G1HeapRegionSize                         = 1048576                                   {product} {ergonomic}
    uintx GCDrainStackTargetSize                   = 64                                        {product} {ergonomic}
   size_t InitialHeapSize                          = 130023424                                 {product} {ergonomic}
   size_t MarkStackSize                            = 4194304                                   {product} {ergonomic}
   size_t MaxHeapSize                              = 2061500416                                {product} {ergonomic}
   size_t MaxNewSize                               = 1236271104                                {product} {ergonomic}
   size_t MinHeapDeltaBytes                        = 1048576                                   {product} {ergonomic}
   size_t MinHeapSize                              = 8388608                                   {product} {ergonomic}
    uintx NonNMethodCodeHeapSize                   = 5839372                                {pd product} {ergonomic}
    uintx NonProfiledCodeHeapSize                  = 122909434                              {pd product} {ergonomic}
    uintx ProfiledCodeHeapSize                     = 122909434                              {pd product} {ergonomic}
    uintx ReservedCodeCacheSize                    = 251658240                              {pd product} {ergonomic}
     bool SegmentedCodeCache                       = true                                      {product} {ergonomic}
   size_t SoftMaxHeapSize                          = 2061500416                             {manageable} {ergonomic}
     bool UseCompressedClassPointers               = true                           {product lp64_product} {ergonomic}
     bool UseCompressedOops                        = true                           {product lp64_product} {ergonomic}
     bool UseG1GC                                  = true                                      {product} {ergonomic}
     bool UseLargePagesIndividualAllocation        = false                                  {pd product} {ergonomic}

Logging:
Log output configuration:
 #0: stdout all=warning uptime,level,tags foldmultilines=false
 #1: stderr all=off uptime,level,tags foldmultilines=false

Environment Variables:
PATH=C:\Program Files\Common Files\Oracle\Java\javapath;C:\windows\system32;C:\windows;C:\windows\System32\Wbem;C:\windows\System32\WindowsPowerShell\v1.0\;C:\windows\System32\OpenSSH\;C:\Program Files\Azure Data Studio\bin;C:\Program Files\Java\jdk-20\bin;C:\Program Files\MySQL\MySQL Shell 8.0\bin\;C:\Users\galaa\AppData\Local\Microsoft\WindowsApps;C:\Users\galaa\AppData\Local\atom\bin;C:\Program Files\Azure Data Studio\bin;C:\Users\galaa\AppData\Local\Programs\Microsoft VS Code\bin
USERNAME=galaa
OS=Windows_NT
PROCESSOR_IDENTIFIER=Intel64 Family 6 Model 154 Stepping 4, GenuineIntel
TMP=C:\Users\galaa\AppData\Local\Temp
TEMP=C:\Users\galaa\AppData\Local\Temp




---------------  S Y S T E M  ---------------

OS:
 Windows 11 , 64 bit Build 22621 (10.0.22621.2506)
OS uptime: 5 days 23:41 hours
Hyper-V role detected

CPU: total 12 (initial active 12) (6 cores per cpu, 2 threads per core) family 6 model 154 stepping 4 microcode 0x42c, cx8, cmov, fxsr, ht, mmx, 3dnowpref, sse, sse2, sse3, ssse3, sse4.1, sse4.2, popcnt, lzcnt, tsc, tscinvbit, avx, avx2, aes, erms, clmul, bmi1, bmi2, adx, sha, fma, vzeroupper, clflush, clflushopt, clwb, hv, serialize, rdtscp, rdpid, fsrm, f16c, cet_ibt, cet_ss

Memory: 4k page, system-wide physical 7863M (563M free)
TotalPageFile size 32439M (AvailPageFile size 5M)
current process WorkingSet (physical memory assigned to process): 27M, peak: 27M
current process commit charge ("private bytes"): 200M, peak: 204M

vm_info: Java HotSpot(TM) 64-Bit Server VM (20+36-2344) for windows-amd64 JRE (20+36-2344), built on 2023-02-10T19:30:15Z by "mach5one" with MS VC++ 17.1 (VS2022)

END.
