#
# There is insufficient memory for the Java Runtime Environment to continue.
# Native memory allocation (mmap) failed to map 2031616 bytes for G1 virtual space
# Possible reasons:
#   The system is out of physical RAM or swap space
#   The process is running with CompressedOops enabled, and the Java Heap may be blocking the growth of the native heap
# Possible solutions:
#   Reduce memory load on the system
#   Increase physical memory or swap space
#   Check if swap backing store is full
#   Decrease Java heap size (-Xmx/-Xms)
#   Decrease number of Java threads
#   Decrease Java thread stack sizes (-Xss)
#   Set larger code cache with -XX:ReservedCodeCacheSize=
#   JVM is running with Unscaled Compressed Oops mode in which the Java heap is
#     placed in the first 4GB address space. The Java Heap base address is the
#     maximum limit for the native heap growth. Please use -XX:HeapBaseMinAddress
#     to set the Java Heap base and to place the Java Heap above 4GB virtual address.
# This output file may be truncated or incomplete.
#
#  Out of Memory Error (os_windows.cpp:3528), pid=30424, tid=48832
#
# JRE version:  (20.0+36) (build )
# Java VM: Java HotSpot(TM) 64-Bit Server VM (20+36-2344, mixed mode, sharing, tiered, compressed oops, compressed class ptrs, g1 gc, windows-amd64)
# No core dump will be written. Minidumps are not enabled by default on client versions of Windows
#

---------------  S U M M A R Y ------------

Command Line: -Dfile.encoding=UTF-8 --module-path=C:\Users\galaa\Documents\NetBeansProjects\banking system\build\classes banking.system.FillformSecLoan

Host: 12th Gen Intel(R) Core(TM) i5-1235U, 12 cores, 7G,  Windows 11 , 64 bit Build 22621 (10.0.22621.2506)
Time: Sun Dec 24 12:41:46 2023 India Standard Time elapsed time: 0.111016 seconds (0d 0h 0m 0s)

---------------  T H R E A D  ---------------

Current thread (0x0000017b3ce1c7c0):  JavaThread "Unknown thread" [_thread_in_vm, id=48832, stack(0x00000025cbe00000,0x00000025cbf00000)]

Stack: [0x00000025cbe00000,0x00000025cbf00000]
Native frames: (J=compiled Java code, j=interpreted, Vv=VM code, C=native code)
V  [jvm.dll+0x6bb95a]
V  [jvm.dll+0x8483aa]
V  [jvm.dll+0x849fa5]
V  [jvm.dll+0x84a6a3]
V  [jvm.dll+0x280b0f]
V  [jvm.dll+0x6b86e9]
V  [jvm.dll+0x6ad2da]
V  [jvm.dll+0x35adf5]
V  [jvm.dll+0x363016]
V  [jvm.dll+0x3b3b53]
V  [jvm.dll+0x3b3dc5]
V  [jvm.dll+0x32b50a]
V  [jvm.dll+0x32c32b]
V  [jvm.dll+0x81106f]
V  [jvm.dll+0x3c0d91]
V  [jvm.dll+0x7fcd93]
V  [jvm.dll+0x44c76f]
V  [jvm.dll+0x44e0e1]
C  [jli.dll+0x5287]
C  [ucrtbase.dll+0x29363]
C  [KERNEL32.DLL+0x1257d]
C  [ntdll.dll+0x5aa58]


---------------  P R O C E S S  ---------------

Threads class SMR info:
_java_thread_list=0x00007ffba7f6a098, length=0, elements={
}

Java Threads: ( => current thread )

Other Threads:
  0x0000017b3ef34b30 WorkerThread "GC Thread#0" [stack: 0x00000025cbf00000,0x00000025cc000000] [id=12840]
  0x0000017b3ef461b0 ConcurrentGCThread "G1 Main Marker" [stack: 0x00000025cc000000,0x00000025cc100000] [id=3464]
  0x0000017b3ef47380 WorkerThread "G1 Conc#0" [stack: 0x00000025cc100000,0x00000025cc200000] [id=1412]

[error occurred during error reporting (printing all threads), id 0xc0000005, EXCEPTION_ACCESS_VIOLATION (0xc0000005) at pc=0x00007ffba774eb47]
VM state: not at safepoint (not fully initialized)

VM Mutex/Monitor currently owned by a thread:  ([mutex/lock_event])
[0x0000017b3eed5460] Heap_lock - owner thread: 0x0000017b3ce1c7c0

Heap address: 0x0000000085200000, size: 1966 MB, Compressed Oops mode: 32-bit

CDS archive(s) mapped at: [0x0000000000000000-0x0000000000000000-0x0000000000000000), size 0, SharedBaseAddress: 0x0000000800000000, ArchiveRelocationMode: 0.
Narrow klass base: 0x0000000000000000, Narrow klass shift: 0, Narrow klass range: 0x0

GC Precious Log:
 CardTable entry size: 512
 Card Set container configuration: InlinePtr #cards 5 size 8 Array Of Cards #cards 12 size 40 Howl #buckets 4 coarsen threshold 1843 Howl Bitmap #cards 512 size 80 coarsen threshold 460 Card regions per heap region 1 cards per card region 2048

Heap:
 garbage-first heap   total 0K, used 0K [0x0000000085200000, 0x0000000100000000)
  region size 1024K, 0 young (0K), 0 survivors (0K)

[error occurred during error reporting (printing heap information), id 0xc0000005, EXCEPTION_ACCESS_VIOLATION (0xc0000005) at pc=0x00007ffba7b23c59]
GC Heap History (0 events):
No events

Dll operation events (1 events):
Event: 0.007 Loaded shared library C:\Program Files\Java\jdk-20\bin\java.dll

Deoptimization events (0 events):
No events

Classes loaded (0 events):
No events

Classes unloaded (0 events):
No events

Classes redefined (0 events):
No events

Internal exceptions (0 events):
No events

VM Operations (0 events):
No events

Events (0 events):
No events


Dynamic libraries:
0x00007ff722ef0000 - 0x00007ff722f00000 	C:\Program Files\Java\jdk-20\bin\java.exe
0x00007ffc372f0000 - 0x00007ffc37507000 	C:\windows\SYSTEM32\ntdll.dll
0x00007ffc35d40000 - 0x00007ffc35e04000 	C:\windows\System32\KERNEL32.DLL
0x00007ffc34c90000 - 0x00007ffc35036000 	C:\windows\System32\KERNELBASE.dll
0x00007ffc34b00000 - 0x00007ffc34c11000 	C:\windows\System32\ucrtbase.dll
0x00007ffc2a770000 - 0x00007ffc2a78b000 	C:\Program Files\Java\jdk-20\bin\VCRUNTIME140.dll
0x00007ffc2bb20000 - 0x00007ffc2bb39000 	C:\Program Files\Java\jdk-20\bin\jli.dll
0x00007ffc35840000 - 0x00007ffc358f1000 	C:\windows\System32\ADVAPI32.dll
0x00007ffc35c90000 - 0x00007ffc35d37000 	C:\windows\System32\msvcrt.dll
0x00007ffc36200000 - 0x00007ffc362a5000 	C:\windows\System32\sechost.dll
0x00007ffc355d0000 - 0x00007ffc356e7000 	C:\windows\System32\RPCRT4.dll
0x00007ffc352e0000 - 0x00007ffc3548e000 	C:\windows\System32\USER32.dll
0x00007ffc34840000 - 0x00007ffc34866000 	C:\windows\System32\win32u.dll
0x00007ffc36130000 - 0x00007ffc36159000 	C:\windows\System32\GDI32.dll
0x00007ffc0e9e0000 - 0x00007ffc0ec73000 	C:\windows\WinSxS\amd64_microsoft.windows.common-controls_6595b64144ccf1df_6.0.22621.2506_none_270c5ae97388e100\COMCTL32.dll
0x00007ffc34720000 - 0x00007ffc34838000 	C:\windows\System32\gdi32full.dll
0x00007ffc34870000 - 0x00007ffc3490a000 	C:\windows\System32\msvcp_win.dll
0x00007ffc298a0000 - 0x00007ffc298aa000 	C:\windows\SYSTEM32\VERSION.dll
0x00007ffc35040000 - 0x00007ffc35071000 	C:\windows\System32\IMM32.DLL
0x00007ffc2a760000 - 0x00007ffc2a76c000 	C:\Program Files\Java\jdk-20\bin\vcruntime140_1.dll
0x00007ffbe32f0000 - 0x00007ffbe337e000 	C:\Program Files\Java\jdk-20\bin\msvcp140.dll
0x00007ffba7410000 - 0x00007ffba80a7000 	C:\Program Files\Java\jdk-20\bin\server\jvm.dll
0x00007ffc2a790000 - 0x00007ffc2a799000 	C:\windows\SYSTEM32\WSOCK32.dll
0x00007ffc2a580000 - 0x00007ffc2a5b4000 	C:\windows\SYSTEM32\WINMM.dll
0x00007ffc35260000 - 0x00007ffc352d1000 	C:\windows\System32\WS2_32.dll
0x00007ffc33620000 - 0x00007ffc33638000 	C:\windows\SYSTEM32\kernel.appcore.dll
0x00007ffc228e0000 - 0x00007ffc228ea000 	C:\Program Files\Java\jdk-20\bin\jimage.dll
0x00007ffc31f00000 - 0x00007ffc32133000 	C:\windows\SYSTEM32\DBGHELP.DLL
0x00007ffc35900000 - 0x00007ffc35c89000 	C:\windows\System32\combase.dll
0x00007ffc35700000 - 0x00007ffc357d7000 	C:\windows\System32\OLEAUT32.dll
0x00007ffc23270000 - 0x00007ffc232a2000 	C:\windows\SYSTEM32\dbgcore.DLL
0x00007ffc34a80000 - 0x00007ffc34afa000 	C:\windows\System32\bcryptPrimitives.dll
0x00007ffc1bfb0000 - 0x00007ffc1bfd6000 	C:\Program Files\Java\jdk-20\bin\java.dll

dbghelp: loaded successfully - version: 4.0.5 - missing functions: none
symbol engine: initialized successfully - sym options: 0x614 - pdb path: .;C:\Program Files\Java\jdk-20\bin;C:\windows\SYSTEM32;C:\windows\WinSxS\amd64_microsoft.windows.common-controls_6595b64144ccf1df_6.0.22621.2506_none_270c5ae97388e100;C:\Program Files\Java\jdk-20\bin\server

VM Arguments:
jvm_args: -Dfile.encoding=UTF-8 --module-path=C:\Users\galaa\Documents\NetBeansProjects\banking system\build\classes 
java_command: banking.system.FillformSecLoan
java_class_path (initial): C:\Users\galaa\Documents\jcalendar-tz-1.3.3-4.jar;C:\Users\galaa\Desktop\jar_files (1)\mysql-connector-java-8.0.28.jar;C:\Users\galaa\Documents\NetBeansProjects\banking system\build\classes
Launcher Type: SUN_STANDARD

[Global flags]
     intx CICompilerCount                          = 4                                         {product} {ergonomic}
     uint ConcGCThreads                            = 3                                         {product} {ergonomic}
     uint G1ConcRefinementThreads                  = 10                                        {product} {ergonomic}
   size_t G1HeapRegionSize                         = 1048576                                   {product} {ergonomic}
    uintx GCDrainStackTargetSize                   = 64                                        {product} {ergonomic}
   size_t InitialHeapSize                          = 130023424                                 {product} {ergonomic}
   size_t MarkStackSize                            = 4194304                                   {product} {ergonomic}
   size_t MaxHeapSize                              = 2061500416                                {product} {ergonomic}
   size_t MinHeapDeltaBytes                        = 1048576                                   {product} {ergonomic}
   size_t MinHeapSize                              = 8388608                                   {product} {ergonomic}
    uintx NonNMethodCodeHeapSize                   = 5839372                                {pd product} {ergonomic}
    uintx NonProfiledCodeHeapSize                  = 122909434                              {pd product} {ergonomic}
    uintx ProfiledCodeHeapSize                     = 122909434                              {pd product} {ergonomic}
    uintx ReservedCodeCacheSize                    = 251658240                              {pd product} {ergonomic}
     bool SegmentedCodeCache                       = true                                      {product} {ergonomic}
   size_t SoftMaxHeapSize                          = 2061500416                             {manageable} {ergonomic}
     bool UseCompressedClassPointers               = true                           {product lp64_product} {ergonomic}
     bool UseCompressedOops                        = true                           {product lp64_product} {ergonomic}
     bool UseG1GC                                  = true                                      {product} {ergonomic}
     bool UseLargePagesIndividualAllocation        = false                                  {pd product} {ergonomic}

Logging:
Log output configuration:
 #0: stdout all=warning uptime,level,tags foldmultilines=false
 #1: stderr all=off uptime,level,tags foldmultilines=false

Environment Variables:
PATH=C:\Program Files\Common Files\Oracle\Java\javapath;C:\windows\system32;C:\windows;C:\windows\System32\Wbem;C:\windows\System32\WindowsPowerShell\v1.0\;C:\windows\System32\OpenSSH\;C:\Program Files\Azure Data Studio\bin;C:\Program Files\Java\jdk-20\bin;C:\Program Files\MySQL\MySQL Shell 8.0\bin\;C:\Users\galaa\AppData\Local\Microsoft\WindowsApps;C:\Users\galaa\AppData\Local\atom\bin;C:\Program Files\Azure Data Studio\bin;C:\Users\galaa\AppData\Local\Programs\Microsoft VS Code\bin
USERNAME=galaa
OS=Windows_NT
PROCESSOR_IDENTIFIER=Intel64 Family 6 Model 154 Stepping 4, GenuineIntel
TMP=C:\Users\galaa\AppData\Local\Temp
TEMP=C:\Users\galaa\AppData\Local\Temp




---------------  S Y S T E M  ---------------

OS:
 Windows 11 , 64 bit Build 22621 (10.0.22621.2506)
OS uptime: 8 days 11:57 hours
Hyper-V role detected

CPU: total 12 (initial active 12) (6 cores per cpu, 2 threads per core) family 6 model 154 stepping 4 microcode 0x42c, cx8, cmov, fxsr, ht, mmx, 3dnowpref, sse, sse2, sse3, ssse3, sse4.1, sse4.2, popcnt, lzcnt, tsc, tscinvbit, avx, avx2, aes, erms, clmul, bmi1, bmi2, adx, sha, fma, vzeroupper, clflush, clflushopt, clwb, hv, serialize, rdtscp, rdpid, fsrm, f16c, cet_ibt, cet_ss

Memory: 4k page, system-wide physical 7863M (440M free)
TotalPageFile size 32439M (AvailPageFile size 6M)
current process WorkingSet (physical memory assigned to process): 11M, peak: 11M
current process commit charge ("private bytes"): 188M, peak: 190M

vm_info: Java HotSpot(TM) 64-Bit Server VM (20+36-2344) for windows-amd64 JRE (20+36-2344), built on 2023-02-10T19:30:15Z by "mach5one" with MS VC++ 17.1 (VS2022)

END.
